<?xml version="1.0" encoding="UTF-8"?>
<testng-results total="1" passed="1" failed="0" skipped="0">
  <reporter-output>
  </reporter-output>
  <suite started-at="2022-02-24T02:51:32Z" name="Suite" finished-at="2022-02-24T02:51:36Z" duration-ms="3182">
    <groups>
    </groups>
    <test started-at="2022-02-24T02:51:32Z" name="Test" finished-at="2022-02-24T02:51:36Z" duration-ms="3182">
      <class name="restaurantBooking.NewTest">
        <test-method is-config="true" signature="beforeTest()[pri:0, instance:restaurantBooking.NewTest@64c63c79]" started-at="2022-02-24T10:51:32Z" name="beforeTest" finished-at="2022-02-24T10:51:36Z" duration-ms="3153" status="PASS">
          <reporter-output>
          </reporter-output>
        </test-method> <!-- beforeTest -->
        <test-method signature="f()[pri:0, instance:restaurantBooking.NewTest@64c63c79]" started-at="2022-02-24T10:51:36Z" name="f" finished-at="2022-02-24T10:51:36Z" duration-ms="6" status="PASS">
          <reporter-output>
          </reporter-output>
        </test-method> <!-- f -->
        <test-method is-config="true" signature="afterTest()[pri:0, instance:restaurantBooking.NewTest@64c63c79]" started-at="2022-02-24T10:51:36Z" name="afterTest" finished-at="2022-02-24T10:51:36Z" duration-ms="0" status="PASS">
          <reporter-output>
          </reporter-output>
        </test-method> <!-- afterTest -->
      </class> <!-- restaurantBooking.NewTest -->
    </test> <!-- Test -->
  </suite> <!-- Suite -->
</testng-results>
