<?xml version="1.0" encoding="UTF-8"?>
<testng-results total="2" passed="2" failed="0" skipped="0">
  <reporter-output>
  </reporter-output>
  <suite started-at="2022-02-27T11:28:51Z" name="Default suite" finished-at="2022-02-27T11:28:54Z" duration-ms="3160">
    <groups>
    </groups>
    <test started-at="2022-02-27T11:28:51Z" name="Default test" finished-at="2022-02-27T11:28:54Z" duration-ms="3160">
      <class name="restaurantBooking.NewTest">
        <test-method is-config="true" signature="beforeTest()[pri:0, instance:restaurantBooking.NewTest@72437d8d]" started-at="2022-02-27T19:28:51Z" name="beforeTest" finished-at="2022-02-27T19:28:51Z" duration-ms="8" status="PASS">
          <reporter-output>
          </reporter-output>
        </test-method> <!-- beforeTest -->
        <test-method signature="LogOut()[pri:0, instance:restaurantBooking.NewTest@72437d8d]" started-at="2022-02-27T19:28:51Z" name="LogOut" finished-at="2022-02-27T19:28:52Z" duration-ms="1480" status="PASS">
          <reporter-output>
          </reporter-output>
        </test-method> <!-- LogOut -->
        <test-method signature="f()[pri:0, instance:restaurantBooking.NewTest@72437d8d]" started-at="2022-02-27T19:28:52Z" name="f" finished-at="2022-02-27T19:28:54Z" duration-ms="1662" status="PASS">
          <reporter-output>
          </reporter-output>
        </test-method> <!-- f -->
        <test-method is-config="true" signature="afterTest()[pri:0, instance:restaurantBooking.NewTest@72437d8d]" started-at="2022-02-27T19:28:54Z" name="afterTest" finished-at="2022-02-27T19:28:54Z" duration-ms="0" status="PASS">
          <reporter-output>
          </reporter-output>
        </test-method> <!-- afterTest -->
      </class> <!-- restaurantBooking.NewTest -->
    </test> <!-- Default test -->
  </suite> <!-- Default suite -->
</testng-results>
